0 info it worked if it ends with ok
1 verbose cli [ '/Users/yamoo9/.nvm/versions/node/v6.9.4/bin/node',
1 verbose cli   '/Users/yamoo9/.nvm/versions/node/v6.9.4/bin/npm',
1 verbose cli   'run',
1 verbose cli   'babel:w' ]
2 info using npm@4.1.2
3 info using node@v6.9.4
4 verbose run-script [ 'prebabel:w', 'babel:w', 'postbabel:w' ]
5 info lifecycle @~prebabel:w: @
6 silly lifecycle @~prebabel:w: no script for prebabel:w, continuing
7 info lifecycle @~babel:w: @
8 verbose lifecycle @~babel:w: unsafe-perm in lifecycle true
9 verbose lifecycle @~babel:w: PATH: /Users/yamoo9/.nvm/versions/node/v6.9.4/lib/node_modules/npm/bin/node-gyp-bin:/Users/yamoo9/Documents/GIT/JS/WEEK__2/jQuery/node_modules/.bin:/Users/yamoo9/.nvm/versions/node/v6.9.4/lib/node_modules/npm/bin/node-gyp-bin:/Users/yamoo9/Documents/GIT/JS/WEEK__2/jQuery/node_modules/.bin:/Users/yamoo9/.pyenv/plugins/pyenv-virtualenv/shims:/Users/yamoo9/.pyenv/shims:/Users/yamoo9/.pyenv/bin:/Users/yamoo9/.nvm/versions/node/v6.9.4/bin:/usr/local/opt/ruby/bin:/usr/bin:/bin:/usr/sbin:/sbin:/usr/local/bin:/opt/X11/bin:/usr/local/git/bin
10 verbose lifecycle @~babel:w: CWD: /Users/yamoo9/Documents/GIT/JS/WEEK__2/jQuery
11 silly lifecycle @~babel:w: Args: [ '-c', 'npm run babel -- -w' ]
12 silly lifecycle @~babel:w: Returned: code: 1  signal: null
13 info lifecycle @~babel:w: Failed to exec babel:w script
14 verbose stack Error: @ babel:w: `npm run babel -- -w`
14 verbose stack Exit status 1
14 verbose stack     at EventEmitter.<anonymous> (/Users/yamoo9/.nvm/versions/node/v6.9.4/lib/node_modules/npm/lib/utils/lifecycle.js:279:16)
14 verbose stack     at emitTwo (events.js:106:13)
14 verbose stack     at EventEmitter.emit (events.js:191:7)
14 verbose stack     at ChildProcess.<anonymous> (/Users/yamoo9/.nvm/versions/node/v6.9.4/lib/node_modules/npm/lib/utils/spawn.js:40:14)
14 verbose stack     at emitTwo (events.js:106:13)
14 verbose stack     at ChildProcess.emit (events.js:191:7)
14 verbose stack     at maybeClose (internal/child_process.js:877:16)
14 verbose stack     at Process.ChildProcess._handle.onexit (internal/child_process.js:226:5)
15 verbose pkgid @
16 verbose cwd /Users/yamoo9/Documents/GIT/JS/WEEK__2/jQuery
17 error Darwin 16.4.0
18 error argv "/Users/yamoo9/.nvm/versions/node/v6.9.4/bin/node" "/Users/yamoo9/.nvm/versions/node/v6.9.4/bin/npm" "run" "babel:w"
19 error node v6.9.4
20 error npm  v4.1.2
21 error code ELIFECYCLE
22 error @ babel:w: `npm run babel -- -w`
22 error Exit status 1
23 error Failed at the @ babel:w script 'npm run babel -- -w'.
23 error Make sure you have the latest version of node.js and npm installed.
23 error If you do, this is most likely a problem with the  package,
23 error not with npm itself.
23 error Tell the author that this fails on your system:
23 error     npm run babel -- -w
23 error You can get information on how to open an issue for this project with:
23 error     npm bugs
23 error Or if that isn't available, you can get their info via:
23 error     npm owner ls
23 error There is likely additional logging output above.
24 verbose exit [ 1, true ]
