0 info it worked if it ends with ok
1 verbose cli [ '/Users/yamoo9/.nvm/versions/node/v6.11.3/bin/node',
1 verbose cli   '/Users/yamoo9/.nvm/versions/node/v6.11.3/bin/npm',
1 verbose cli   'start' ]
2 info using npm@3.10.10
3 info using node@v6.11.3
4 verbose stack Error: Failed to parse json
4 verbose stack Trailing comma in object at 9:3
4 verbose stack   },
4 verbose stack   ^
4 verbose stack     at parseError (/Users/yamoo9/.nvm/versions/node/v6.11.3/lib/node_modules/npm/node_modules/read-package-json/read-json.js:390:11)
4 verbose stack     at parseJson (/Users/yamoo9/.nvm/versions/node/v6.11.3/lib/node_modules/npm/node_modules/read-package-json/read-json.js:79:23)
4 verbose stack     at /Users/yamoo9/.nvm/versions/node/v6.11.3/lib/node_modules/npm/node_modules/read-package-json/read-json.js:48:5
4 verbose stack     at /Users/yamoo9/.nvm/versions/node/v6.11.3/lib/node_modules/npm/node_modules/graceful-fs/graceful-fs.js:78:16
4 verbose stack     at tryToString (fs.js:457:3)
4 verbose stack     at FSReqWrap.readFileAfterClose [as oncomplete] (fs.js:444:12)
5 verbose cwd /Users/yamoo9/Documents/GIT/JS/WEEK__02/jQuery/webpack
6 error Darwin 16.7.0
7 error argv "/Users/yamoo9/.nvm/versions/node/v6.11.3/bin/node" "/Users/yamoo9/.nvm/versions/node/v6.11.3/bin/npm" "start"
8 error node v6.11.3
9 error npm  v3.10.10
10 error file /Users/yamoo9/Documents/GIT/JS/WEEK__02/jQuery/webpack/package.json
11 error code EJSONPARSE
12 error Failed to parse json
12 error Trailing comma in object at 9:3
12 error   },
12 error   ^
13 error File: /Users/yamoo9/Documents/GIT/JS/WEEK__02/jQuery/webpack/package.json
14 error Failed to parse package.json data.
14 error package.json must be actual JSON, not just JavaScript.
14 error
14 error This is not a bug in npm.
14 error Tell the package author to fix their package.json file. JSON.parse
15 verbose exit [ 1, true ]
