0 info it worked if it ends with ok
1 verbose cli [ '/Users/yamoo9/.nvm/versions/node/v6.11.3/bin/node',
1 verbose cli   '/Users/yamoo9/.nvm/versions/node/v6.11.3/bin/npm',
1 verbose cli   'start' ]
2 info using npm@3.10.10
3 info using node@v6.11.3
4 verbose run-script [ 'prestart', 'start', 'poststart' ]
5 info lifecycle jquery-es6@1.0.0~prestart: jquery-es6@1.0.0
6 silly lifecycle jquery-es6@1.0.0~prestart: no script for prestart, continuing
7 info lifecycle jquery-es6@1.0.0~start: jquery-es6@1.0.0
8 verbose lifecycle jquery-es6@1.0.0~start: unsafe-perm in lifecycle true
9 verbose lifecycle jquery-es6@1.0.0~start: PATH: /Users/yamoo9/.nvm/versions/node/v6.11.3/lib/node_modules/npm/bin/node-gyp-bin:/Users/yamoo9/Documents/GIT/JS/WEEK__02/jQuery/ES6/node_modules/.bin:/Users/yamoo9/.pyenv/plugins/pyenv-virtualenv/shims:/Users/yamoo9/.pyenv/shims:/Users/yamoo9/.pyenv/bin:/Users/yamoo9/.nvm/versions/node/v6.11.3/bin:/usr/local/opt/ruby/bin:/usr/bin:/bin:/usr/sbin:/sbin:/usr/local/bin:/opt/X11/bin:/usr/local/git/bin
10 verbose lifecycle jquery-es6@1.0.0~start: CWD: /Users/yamoo9/Documents/GIT/JS/WEEK__02/jQuery/ES6
11 silly lifecycle jquery-es6@1.0.0~start: Args: [ '-c', 'babel-modules-loader-watch' ]
12 info lifecycle jquery-es6@1.0.0~start: Failed to exec start script
13 verbose stack Error: jquery-es6@1.0.0 start: `babel-modules-loader-watch`
13 verbose stack spawn ENOENT
13 verbose stack     at ChildProcess.<anonymous> (/Users/yamoo9/.nvm/versions/node/v6.11.3/lib/node_modules/npm/lib/utils/spawn.js:33:16)
13 verbose stack     at emitTwo (events.js:106:13)
13 verbose stack     at ChildProcess.emit (events.js:191:7)
13 verbose stack     at maybeClose (internal/child_process.js:920:16)
13 verbose stack     at Process.ChildProcess._handle.onexit (internal/child_process.js:230:5)
14 verbose pkgid jquery-es6@1.0.0
15 verbose cwd /Users/yamoo9/Documents/GIT/JS/WEEK__02/jQuery/ES6
16 error Darwin 16.7.0
17 error argv "/Users/yamoo9/.nvm/versions/node/v6.11.3/bin/node" "/Users/yamoo9/.nvm/versions/node/v6.11.3/bin/npm" "start"
18 error node v6.11.3
19 error npm  v3.10.10
20 error file sh
21 error code ELIFECYCLE
22 error errno ENOENT
23 error syscall spawn
24 error jquery-es6@1.0.0 start: `babel-modules-loader-watch`
24 error spawn ENOENT
25 error Failed at the jquery-es6@1.0.0 start script 'babel-modules-loader-watch'.
25 error Make sure you have the latest version of node.js and npm installed.
25 error If you do, this is most likely a problem with the jquery-es6 package,
25 error not with npm itself.
25 error Tell the author that this fails on your system:
25 error     babel-modules-loader-watch
25 error You can get information on how to open an issue for this project with:
25 error     npm bugs jquery-es6
25 error Or if that isn't available, you can get their info via:
25 error     npm owner ls jquery-es6
25 error There is likely additional logging output above.
26 verbose exit [ 1, true ]
